
Showing logs for build [32mcb-kubecd-bdd-gh-1583456327-pr-mj54h-1[0m stage [32mfrom-build-pack[0m and container [32mstep-credential-initializer-fjjkm[0m
{"level":"warn","ts":1583459246.5100226,"logger":"fallback-logger","caller":"logging/config.go:69","msg":"Fetch GitHub commit ID from kodata failed: \"ref: refs/heads/0.8.0-**-support-backwards-incompats\" is not a valid GitHub commit ID"}
{"level":"info","ts":1583459246.5106416,"logger":"fallback-logger","caller":"creds-init/main.go:40","msg":"Credentials initialized."}

Showing logs for build [32mcb-kubecd-bdd-gh-1583456327-pr-mj54h-1[0m stage [32mfrom-build-pack[0m and container [32mstep-working-dir-initializer-hnzgt[0m
{"level":"warn","ts":1583459247.5407298,"logger":"fallback-logger","caller":"logging/config.go:69","msg":"Fetch GitHub commit ID from kodata failed: open /var/run/ko/HEAD: no such file or directory"}
{"level":"info","ts":1583459247.5427752,"logger":"fallback-logger","caller":"bash/main.go:64","msg":"Successfully executed command \"sh -c mkdir -p /workspace/source\"; output "}

Showing logs for build [32mcb-kubecd-bdd-gh-1583456327-pr-mj54h-1[0m stage [32mfrom-build-pack[0m and container [32mstep-place-tools[0m

Showing logs for build [32mcb-kubecd-bdd-gh-1583456327-pr-mj54h-1[0m stage [32mfrom-build-pack[0m and container [32mstep-git-source-cb-kubecd-bdd-gh-1583456327-pr-mj54h-qk52c[0m
{"level":"warn","ts":1583459279.5991974,"logger":"fallback-logger","caller":"logging/config.go:69","msg":"Fetch GitHub commit ID from kodata failed: \"ref: refs/heads/0.8.0-**-support-backwards-incompats\" is not a valid GitHub commit ID"}
{"level":"info","ts":1583459280.6333942,"logger":"fallback-logger","caller":"git/git.go:103","msg":"Successfully cloned https://github.com/cb-kubecd/bdd-gh-1583456327.git @ master in path /workspace/source"}

Showing logs for build [32mcb-kubecd-bdd-gh-1583456327-pr-mj54h-1[0m stage [32mfrom-build-pack[0m and container [32mstep-git-merge[0m
Using SHAs from PULL_REFS=master:236f499b835c46368bae719573064a49f87b4a8a,1:bb03dda971d1452fbdec66834a507e743d79a33b
DEBUG: LC_ALL=C JX_LOG_LEVEL=error git fetch origin --unshallow bb03dda971d1452fbdec66834a507e743d79a33b: 236f499b835c46368bae719573064a49f87b4a8a:
DEBUG: ran git fetch --unshallow origin bb03dda971d1452fbdec66834a507e743d79a33b: 236f499b835c46368bae719573064a49f87b4a8a: in 
DEBUG: LC_ALL=C JX_LOG_LEVEL=error git branch
DEBUG: LC_ALL=C JX_LOG_LEVEL=error git checkout master
DEBUG: ran git checkout master in 
DEBUG: LC_ALL=C JX_LOG_LEVEL=error git reset --hard 236f499b835c46368bae719573064a49f87b4a8a
DEBUG: ran git reset --hard 236f499b835c46368bae719573064a49f87b4a8a in 
DEBUG: LC_ALL=C JX_LOG_LEVEL=error git clean -fd .
DEBUG: ran clean --force -d . in 
DEBUG: LC_ALL=C JX_LOG_LEVEL=error git merge bb03dda971d1452fbdec66834a507e743d79a33b
DEBUG: ran git merge bb03dda971d1452fbdec66834a507e743d79a33b in 
DEBUG: LC_ALL=C JX_LOG_LEVEL=error git log --format=%H%x1f%an%x1f%ae%x1f%cn%x1f%ce%x1f%s%n%b%x1e 236f499b835c46368bae719573064a49f87b4a8a..HEAD
Merged SHA bb03dda971d1452fbdec66834a507e743d79a33b with commit message 'My first PR commit' into base branch master

Showing logs for build [32mcb-kubecd-bdd-gh-1583456327-pr-mj54h-1[0m stage [32mfrom-build-pack[0m and container [32mstep-build-make-linux[0m
CGO_ENABLED=0 GOOS=linux GOARCH=amd64 GO15VENDOREXPERIMENT=1 go build -ldflags '' -o bin/bdd-gh-1583456327 main.go

Showing logs for build [32mcb-kubecd-bdd-gh-1583456327-pr-mj54h-1[0m stage [32mfrom-build-pack[0m and container [32mstep-build-container-build[0m
[36mINFO[0m[0000] No base image, nothing to extract            
[36mINFO[0m[0000] cmd: EXPOSE                                  
[36mINFO[0m[0000] Adding exposed port: 8080/tcp                
[36mINFO[0m[0000] Using files from context: [/workspace/source/bin] 
[36mINFO[0m[0000] Skipping unpacking as no commands require it. 
[36mINFO[0m[0000] Taking snapshot of full filesystem...        
[36mINFO[0m[0000] EXPOSE 8080                                  
[36mINFO[0m[0000] cmd: EXPOSE                                  
[36mINFO[0m[0000] Adding exposed port: 8080/tcp                
[36mINFO[0m[0000] No files changed in this command, skipping snapshotting. 
[36mINFO[0m[0000] ENTRYPOINT ["/bdd-gh-1583456327"]            
[36mINFO[0m[0000] No files changed in this command, skipping snapshotting. 
[36mINFO[0m[0000] Using files from context: [/workspace/source/bin] 
[36mINFO[0m[0000] COPY ./bin/ /                                
[36mINFO[0m[0000] Taking snapshot of files...                  
2020/03/06 01:48:16 pushed blob: sha256:74d380bb7a4af6c46249117248790edc665292082db729a96cd377d858b011f2
2020/03/06 01:48:17 pushed blob: sha256:551f82de97ae0a12790076a59ea1242d517d814ff94539742850e041feac219a
2020/03/06 01:48:18 gcr.io/jenkins-x-bdd3/bdd-gh-1583456327:0.0.0-SNAPSHOT-PR-1-1: digest: sha256:a103405bac4c9fd40248d752cfe10b96a9a8bfae90e81f0631cc84ea058ac4c1 size: 428

Showing logs for build [32mcb-kubecd-bdd-gh-1583456327-pr-mj54h-1[0m stage [32mfrom-build-pack[0m and container [32mstep-postbuild-post-build[0m
no CVE provider running in the current ** namespace so skip adding image to be analysed

Showing logs for build [32mcb-kubecd-bdd-gh-1583456327-pr-mj54h-1[0m stage [32mfrom-build-pack[0m and container [32mstep-promote-make-preview[0m
sed -i -e "s/version:.*/version: 0.0.0-SNAPSHOT-PR-1-1/" Chart.yaml
sed -i -e "s/version:.*/version: 0.0.0-SNAPSHOT-PR-1-1/" ../*/Chart.yaml
sed -i -e "s|repository:.*|repository: gcr.io\/jenkins-x-bdd3\/bdd-gh-1583456327|" values.yaml
sed -i -e "s/tag:.*/tag: 0.0.0-SNAPSHOT-PR-1-1/" values.yaml
echo "  version: 0.0.0-SNAPSHOT-PR-1-1" >> requirements.yaml
** step helm build
WARNING: No $CHART_REPOSITORY defined so using the default value of: http://jenkins-x-chartmuseum:8080
Adding missing Helm repo: storage.googleapis.com https://storage.googleapis.com/chartmuseum.jenkins-x.io
WARNING: No secrets found on "helm/repos" due: reading the secret "helm/repos" from vault: no secret "helm/repos" not found in vault
Read credentials for https://storage.googleapis.com/chartmuseum.jenkins-x.io from vault helm/repos
Successfully added Helm repository storage.googleapis.com.
Adding missing Helm repo: jenkins-x-chartmuseum http://jenkins-x-chartmuseum:8080
WARNING: No secrets found on "helm/repos" due: reading the secret "helm/repos" from vault: no secret "helm/repos" not found in vault
Read credentials for http://jenkins-x-chartmuseum:8080 from vault helm/repos
Successfully added Helm repository jenkins-x-chartmuseum.
WARNING: No $CHART_REPOSITORY defined so using the default value of: http://jenkins-x-chartmuseum:8080
Adding missing Helm repo: chartmuseum.jenkins-x.io http://chartmuseum.jenkins-x.io
WARNING: No secrets found on "helm/repos" due: reading the secret "helm/repos" from vault: no secret "helm/repos" not found in vault
Read credentials for http://chartmuseum.jenkins-x.io from vault helm/repos
Successfully added Helm repository chartmuseum.jenkins-x.io.

Showing logs for build [32mcb-kubecd-bdd-gh-1583456327-pr-mj54h-1[0m stage [32mfrom-build-pack[0m and container [32mstep-promote-jx-preview[0m
Creating a preview
Created environment cb-kubecd-bdd-gh-1583456327-pr-1
Namespace **-cb-kubecd-bdd-gh-1583456327-pr-1 created 
expose:
  Annotations:
    helm.sh/hook: post-install,post-upgrade
    helm.sh/hook-delete-policy: hook-succeeded
  config:
    domain: c**d2.bdd.jenkins-x.rocks
    exposer: Ingress
    http: "true"
preview:
  image:
    repository: gcr.io/jenkins-x-bdd3/bdd-gh-1583456327
    tag: 0.0.0-SNAPSHOT-PR-1-1

Updating PipelineActivities cb-kubecd-bdd-gh-1583456327-pr-1-1 which has status Running
WARNING: preview application http://bdd-gh-1583456327.**-cb-kubecd-bdd-gh-1583456327-pr-1.c**d2.bdd.jenkins-x.rocks not available, error was Get http://bdd-gh-1583456327.**-cb-kubecd-bdd-gh-1583456327-pr-1.c**d2.bdd.jenkins-x.rocks: dial tcp: lookup bdd-gh-1583456327.**-cb-kubecd-bdd-gh-1583456327-pr-1.c**d2.bdd.jenkins-x.rocks on 10.59.240.10:53: no such host, delaying for: 1.283034974s
WARNING: preview application http://bdd-gh-1583456327.**-cb-kubecd-bdd-gh-1583456327-pr-1.c**d2.bdd.jenkins-x.rocks not available, error was Get http://bdd-gh-1583456327.**-cb-kubecd-bdd-gh-1583456327-pr-1.c**d2.bdd.jenkins-x.rocks: dial tcp: lookup bdd-gh-1583456327.**-cb-kubecd-bdd-gh-1583456327-pr-1.c**d2.bdd.jenkins-x.rocks on 10.59.240.10:53: no such host, delaying for: 956.706092ms
WARNING: preview application http://bdd-gh-1583456327.**-cb-kubecd-bdd-gh-1583456327-pr-1.c**d2.bdd.jenkins-x.rocks not available, error was Get http://bdd-gh-1583456327.**-cb-kubecd-bdd-gh-1583456327-pr-1.c**d2.bdd.jenkins-x.rocks: dial tcp: lookup bdd-gh-1583456327.**-cb-kubecd-bdd-gh-1583456327-pr-1.c**d2.bdd.jenkins-x.rocks on 10.59.240.10:53: no such host, delaying for: 1.345569468s
WARNING: preview application http://bdd-gh-1583456327.**-cb-kubecd-bdd-gh-1583456327-pr-1.c**d2.bdd.jenkins-x.rocks not available, error was Get http://bdd-gh-1583456327.**-cb-kubecd-bdd-gh-1583456327-pr-1.c**d2.bdd.jenkins-x.rocks: dial tcp: lookup bdd-gh-1583456327.**-cb-kubecd-bdd-gh-1583456327-pr-1.c**d2.bdd.jenkins-x.rocks on 10.59.240.10:53: no such host, delaying for: 4.050971572s
WARNING: preview application http://bdd-gh-1583456327.**-cb-kubecd-bdd-gh-1583456327-pr-1.c**d2.bdd.jenkins-x.rocks not available, error was Get http://bdd-gh-1583456327.**-cb-kubecd-bdd-gh-1583456327-pr-1.c**d2.bdd.jenkins-x.rocks: dial tcp: lookup bdd-gh-1583456327.**-cb-kubecd-bdd-gh-1583456327-pr-1.c**d2.bdd.jenkins-x.rocks on 10.59.240.10:53: no such host, delaying for: 2.640264778s
WARNING: preview application http://bdd-gh-1583456327.**-cb-kubecd-bdd-gh-1583456327-pr-1.c**d2.bdd.jenkins-x.rocks not available, error was Get http://bdd-gh-1583456327.**-cb-kubecd-bdd-gh-1583456327-pr-1.c**d2.bdd.jenkins-x.rocks: dial tcp: lookup bdd-gh-1583456327.**-cb-kubecd-bdd-gh-1583456327-pr-1.c**d2.bdd.jenkins-x.rocks on 10.59.240.10:53: no such host, delaying for: 7.589083593s
WARNING: preview application http://bdd-gh-1583456327.**-cb-kubecd-bdd-gh-1583456327-pr-1.c**d2.bdd.jenkins-x.rocks not available, error was Get http://bdd-gh-1583456327.**-cb-kubecd-bdd-gh-1583456327-pr-1.c**d2.bdd.jenkins-x.rocks: dial tcp: lookup bdd-gh-1583456327.**-cb-kubecd-bdd-gh-1583456327-pr-1.c**d2.bdd.jenkins-x.rocks on 10.59.240.10:53: no such host, delaying for: 6.520544564s
WARNING: preview application http://bdd-gh-1583456327.**-cb-kubecd-bdd-gh-1583456327-pr-1.c**d2.bdd.jenkins-x.rocks not available, error was Get http://bdd-gh-1583456327.**-cb-kubecd-bdd-gh-1583456327-pr-1.c**d2.bdd.jenkins-x.rocks: dial tcp: lookup bdd-gh-1583456327.**-cb-kubecd-bdd-gh-1583456327-pr-1.c**d2.bdd.jenkins-x.rocks on 10.59.240.10:53: no such host, delaying for: 10.199180659s
WARNING: preview application http://bdd-gh-1583456327.**-cb-kubecd-bdd-gh-1583456327-pr-1.c**d2.bdd.jenkins-x.rocks not available, error was Get http://bdd-gh-1583456327.**-cb-kubecd-bdd-gh-1583456327-pr-1.c**d2.bdd.jenkins-x.rocks: dial tcp: lookup bdd-gh-1583456327.**-cb-kubecd-bdd-gh-1583456327-pr-1.c**d2.bdd.jenkins-x.rocks on 10.59.240.10:53: no such host, delaying for: 37.600023335s
WARNING: preview application http://bdd-gh-1583456327.**-cb-kubecd-bdd-gh-1583456327-pr-1.c**d2.bdd.jenkins-x.rocks not available, error was Get http://bdd-gh-1583456327.**-cb-kubecd-bdd-gh-1583456327-pr-1.c**d2.bdd.jenkins-x.rocks: dial tcp: lookup bdd-gh-1583456327.**-cb-kubecd-bdd-gh-1583456327-pr-1.c**d2.bdd.jenkins-x.rocks on 10.59.240.10:53: no such host, delaying for: 35.856053632s
WARNING: preview application http://bdd-gh-1583456327.**-cb-kubecd-bdd-gh-1583456327-pr-1.c**d2.bdd.jenkins-x.rocks not available, error was Get http://bdd-gh-1583456327.**-cb-kubecd-bdd-gh-1583456327-pr-1.c**d2.bdd.jenkins-x.rocks: dial tcp: lookup bdd-gh-1583456327.**-cb-kubecd-bdd-gh-1583456327-pr-1.c**d2.bdd.jenkins-x.rocks on 10.59.240.10:53: no such host, delaying for: 29.275456602s
WARNING: preview application http://bdd-gh-1583456327.**-cb-kubecd-bdd-gh-1583456327-pr-1.c**d2.bdd.jenkins-x.rocks not available, error was Get http://bdd-gh-1583456327.**-cb-kubecd-bdd-gh-1583456327-pr-1.c**d2.bdd.jenkins-x.rocks: dial tcp: lookup bdd-gh-1583456327.**-cb-kubecd-bdd-gh-1583456327-pr-1.c**d2.bdd.jenkins-x.rocks on 10.59.240.10:53: no such host, delaying for: 1m4.701075416s
Preview application is now available at: http://bdd-gh-1583456327.**-cb-kubecd-bdd-gh-1583456327-pr-1.c**d2.bdd.jenkins-x.rocks
